ERROR   2021-10-10 03:12:48,633 [http-nio-8084-exec-15] com.lan.controllers.SignupController  - Error SignupController at: Violation of PRIMARY KEY constraint 'PK__tblUser__CB9A1CDF394AB32D'. Cannot insert duplicate key in object 'dbo.tblUser'. The duplicate key value is ().
ERROR   2021-10-10 03:12:50,231 [http-nio-8084-exec-26] com.lan.controllers.SignupController  - Error SignupController at: Violation of PRIMARY KEY constraint 'PK__tblUser__CB9A1CDF394AB32D'. Cannot insert duplicate key in object 'dbo.tblUser'. The duplicate key value is ().
ERROR   2021-10-10 03:15:19,086 [http-nio-8084-exec-31] com.lan.controllers.SignupController  - Error SignupController at: Violation of PRIMARY KEY constraint 'PK__tblUser__CB9A1CDF394AB32D'. Cannot insert duplicate key in object 'dbo.tblUser'. The duplicate key value is ().
FATAL   2021-10-10 20:19:45,964 [http-nio-8084-exec-435] com.lan.controllers.CheckOutController  - Error CheckOutController at: 535-5.7.8 Username and Password not accepted. Learn more at
535 5.7.8  https://support.google.com/mail/?p=BadCredentials z2sm4723861pfe.210 - gsmtp

FATAL   2021-10-10 23:05:08,171 [http-nio-8084-exec-599] com.lan.controllers.FeedbackController  - Error FeedbackController at: null
FATAL   2021-10-10 23:07:38,475 [http-nio-8084-exec-603] com.lan.controllers.FeedbackController  - Error FeedbackController at: null
FATAL   2021-10-10 23:08:22,027 [http-nio-8084-exec-605] com.lan.controllers.FeedbackController  - Error FeedbackController at: null
FATAL   2021-10-10 23:25:25,162 [http-nio-8084-exec-626] com.lan.controllers.FeedbackController  - Error FeedbackController at: The INSERT statement conflicted with the FOREIGN KEY constraint "FK_tblFeedback_tblOrderDetails". The conflict occurred in database "Hotel", table "dbo.tblOrderDetails", column 'orderDetailID'.
FATAL   2021-10-10 23:28:24,042 [http-nio-8084-exec-637] com.lan.controllers.FeedbackController  - Error FeedbackController at: The INSERT statement conflicted with the FOREIGN KEY constraint "FK_tblFeedback_tblOrderDetails". The conflict occurred in database "Hotel", table "dbo.tblOrderDetails", column 'orderDetailID'.
FATAL   2021-10-10 23:28:36,645 [http-nio-8084-exec-641] com.lan.controllers.FeedbackController  - Error FeedbackController at: The INSERT statement conflicted with the FOREIGN KEY constraint "FK_tblFeedback_tblOrderDetails". The conflict occurred in database "Hotel", table "dbo.tblOrderDetails", column 'orderDetailID'.
FATAL   2021-10-10 23:36:06,553 [http-nio-8084-exec-661] com.lan.controllers.FeedbackController  - Error FeedbackController at: The INSERT statement conflicted with the FOREIGN KEY constraint "FK_tblFeedback_tblOrderDetails". The conflict occurred in database "Hotel", table "dbo.tblOrderDetails", column 'orderDetailID'.
FATAL   2021-10-12 12:48:07,180 [http-nio-8084-exec-11] com.lan.controllers.FeedbackController  - Error FeedbackController at: The INSERT statement conflicted with the FOREIGN KEY constraint "FK_tblFeedback_tblOrderDetails". The conflict occurred in database "Hotel", table "dbo.tblOrderDetails", column 'orderDetailID'.
FATAL   2021-10-12 13:03:05,125 [http-nio-8084-exec-36] com.lan.controllers.FeedbackController  - Error FeedbackController at: The INSERT statement conflicted with the FOREIGN KEY constraint "FK_tblFeedback_tblOrderDetails". The conflict occurred in database "Hotel", table "dbo.tblOrderDetails", column 'orderDetailID'.
FATAL   2021-10-12 13:06:05,223 [http-nio-8084-exec-53] com.lan.controllers.FeedbackController  - Error FeedbackController at: null
FATAL   2021-10-12 13:11:24,533 [http-nio-8084-exec-59] com.lan.controllers.FeedbackController  - Error FeedbackController at: Cannot insert explicit value for identity column in table 'tblFeedback' when IDENTITY_INSERT is set to OFF.
FATAL   2021-10-12 13:12:28,608 [http-nio-8084-exec-51] com.lan.controllers.FeedbackController  - Error FeedbackController at: Cannot insert explicit value for identity column in table 'tblFeedback' when IDENTITY_INSERT is set to OFF.
FATAL   2021-10-12 13:13:14,986 [http-nio-8084-exec-50] com.lan.controllers.FeedbackController  - Error FeedbackController at: Cannot insert explicit value for identity column in table 'tblFeedback' when IDENTITY_INSERT is set to OFF.
FATAL   2021-10-12 13:19:09,704 [http-nio-8084-exec-68] com.lan.controllers.FeedbackController  - Error FeedbackController at: For input string: "txtOrderDetailID"
FATAL   2021-10-12 13:20:18,737 [http-nio-8084-exec-74] com.lan.controllers.FeedbackController  - Error FeedbackController at: For input string: "txtOrderDetailID"
FATAL   2021-10-12 13:21:11,028 [http-nio-8084-exec-76] com.lan.controllers.FeedbackController  - Error FeedbackController at: For input string: "txtOrderDetailID"
